2024-11-15T11:25:38.577+05:30  INFO 35900 --- [http] [restartedMain] com.example.http.HttpApplication         : Starting HttpApplication using Java 22 with PID 35900 (C:\Users\rudranil.gupta\Downloads\http\http\target\classes started by rudranil.gupta in C:\Users\rudranil.gupta\Downloads\http)
2024-11-15T11:25:38.580+05:30  INFO 35900 --- [http] [restartedMain] com.example.http.HttpApplication         : No active profile set, falling back to 1 default profile: "default"
2024-11-15T11:25:38.648+05:30  INFO 35900 --- [http] [restartedMain] o.s.b.devtools.restart.ChangeableUrls    : The Class-Path manifest attribute in C:\Users\rudranil.gupta\.m2\repository\com\sun\xml\bind\jaxb-impl\4.0.5\jaxb-impl-4.0.5.jar referenced one or more files that do not exist: file:/C:/Users/rudranil.gupta/.m2/repository/com/sun/xml/bind/jaxb-impl/4.0.5/jaxb-core.jar,file:/C:/Users/rudranil.gupta/.m2/repository/com/sun/xml/bind/jaxb-impl/4.0.5/angus-activation.jar
2024-11-15T11:25:38.649+05:30  INFO 35900 --- [http] [restartedMain] o.s.b.devtools.restart.ChangeableUrls    : The Class-Path manifest attribute in C:\Users\rudranil.gupta\.m2\repository\com\sun\xml\bind\jaxb-core\4.0.5\jaxb-core-4.0.5.jar referenced one or more files that do not exist: file:/C:/Users/rudranil.gupta/.m2/repository/com/sun/xml/bind/jaxb-core/4.0.5/jakarta.activation-api.jar,file:/C:/Users/rudranil.gupta/.m2/repository/com/sun/xml/bind/jaxb-core/4.0.5/jakarta.xml.bind-api.jar
2024-11-15T11:25:38.650+05:30  INFO 35900 --- [http] [restartedMain] .e.DevToolsPropertyDefaultsPostProcessor : Devtools property defaults active! Set 'spring.devtools.add-properties' to 'false' to disable
2024-11-15T11:25:38.650+05:30  INFO 35900 --- [http] [restartedMain] .e.DevToolsPropertyDefaultsPostProcessor : For additional web related logging consider setting the 'logging.level.web' property to 'DEBUG'
2024-11-15T11:25:40.498+05:30  INFO 35900 --- [http] [restartedMain] o.s.b.w.embedded.tomcat.TomcatWebServer  : Tomcat initialized with port 8080 (http)
2024-11-15T11:25:40.521+05:30  INFO 35900 --- [http] [restartedMain] o.apache.catalina.core.StandardService   : Starting service [Tomcat]
2024-11-15T11:25:40.522+05:30  INFO 35900 --- [http] [restartedMain] o.apache.catalina.core.StandardEngine    : Starting Servlet engine: [Apache Tomcat/10.1.31]
2024-11-15T11:25:40.594+05:30  INFO 35900 --- [http] [restartedMain] o.a.c.c.C.[Tomcat].[localhost].[/]       : Initializing Spring embedded WebApplicationContext
2024-11-15T11:25:40.595+05:30  INFO 35900 --- [http] [restartedMain] w.s.c.ServletWebServerApplicationContext : Root WebApplicationContext: initialization completed in 1944 ms
2024-11-15T11:25:40.763+05:30  INFO 35900 --- [http] [restartedMain] i.m.c.instrument.push.PushMeterRegistry  : Publishing metrics for OtlpMeterRegistry every 1m to http://localhost:4318/v1/metrics with resource attributes {service.name=http}
2024-11-15T11:25:42.329+05:30  INFO 35900 --- [http] [restartedMain] o.s.b.d.a.OptionalLiveReloadServer       : LiveReload server is running on port 35729
2024-11-15T11:25:42.347+05:30  INFO 35900 --- [http] [restartedMain] o.s.b.a.e.web.EndpointLinksResolver      : Exposing 1 endpoint beneath base path '/actuator'
2024-11-15T11:25:42.444+05:30  INFO 35900 --- [http] [restartedMain] o.s.b.w.embedded.tomcat.TomcatWebServer  : Tomcat started on port 8080 (http) with context path '/'
2024-11-15T11:25:42.462+05:30  INFO 35900 --- [http] [restartedMain] com.example.http.HttpApplication         : Started HttpApplication in 4.57 seconds (process running for 5.196)
2024-11-15T11:25:45.623+05:30  INFO 35900 --- [http] [http-nio-8080-exec-1] o.a.c.c.C.[Tomcat].[localhost].[/]       : Initializing Spring DispatcherServlet 'dispatcherServlet'
2024-11-15T11:25:45.624+05:30  INFO 35900 --- [http] [http-nio-8080-exec-1] o.s.web.servlet.DispatcherServlet        : Initializing Servlet 'dispatcherServlet'
2024-11-15T11:25:45.625+05:30  INFO 35900 --- [http] [http-nio-8080-exec-1] o.s.web.servlet.DispatcherServlet        : Completed initialization in 1 ms
2024-11-15T11:25:48.416+05:30  INFO 35900 --- [http] [http-nio-8080-exec-2] c.e.http.Controller.HttpController       : Sending request to Service 2 with trace ID: 6c30a71aab8db9d991a98a50943fc290
2024-11-15T11:25:48.455+05:30  INFO 35900 --- [http] [http-nio-8080-exec-2] c.e.http.Controller.HttpController       : Received response from Service 2: Hello from Service 2, Rudranil!
2024-11-15T11:25:48.456+05:30  INFO 35900 --- [http] [http-nio-8080-exec-2] c.e.http.Controller.HttpController       : Finished spans size: 0
2024-11-15T11:25:48.997+05:30  INFO 35900 --- [http] [http-nio-8080-exec-3] c.e.http.Controller.HttpController       : Sending request to Service 2 with trace ID: 6e8fb7a99275535bf64a20724cd19d7d
2024-11-15T11:25:49.004+05:30  INFO 35900 --- [http] [http-nio-8080-exec-3] c.e.http.Controller.HttpController       : Received response from Service 2: Hello from Service 2, Rudranil!
2024-11-15T11:25:49.005+05:30  INFO 35900 --- [http] [http-nio-8080-exec-3] c.e.http.Controller.HttpController       : Finished spans size: 0
2024-11-15T11:26:06.703+05:30  WARN 35900 --- [http] [SpringApplicationShutdownHook] i.m.registry.otlp.OtlpMeterRegistry      : Failed to publish metrics (context: url=http://localhost:4318/v1/metrics, resource-attributes={service.name=http}). Server responded with HTTP status code 404 and body 404 page not found

2024-11-15T12:15:50.727+05:30  INFO 27140 --- [http] [restartedMain] com.example.http.HttpApplication         : Starting HttpApplication using Java 22 with PID 27140 (C:\Users\rudranil.gupta\Downloads\http\http\target\classes started by rudranil.gupta in C:\Users\rudranil.gupta\Downloads\http)
2024-11-15T12:15:50.749+05:30  INFO 27140 --- [http] [restartedMain] com.example.http.HttpApplication         : No active profile set, falling back to 1 default profile: "default"
2024-11-15T12:15:51.225+05:30  INFO 27140 --- [http] [restartedMain] o.s.b.devtools.restart.ChangeableUrls    : The Class-Path manifest attribute in C:\Users\rudranil.gupta\.m2\repository\com\sun\xml\bind\jaxb-impl\4.0.5\jaxb-impl-4.0.5.jar referenced one or more files that do not exist: file:/C:/Users/rudranil.gupta/.m2/repository/com/sun/xml/bind/jaxb-impl/4.0.5/jaxb-core.jar,file:/C:/Users/rudranil.gupta/.m2/repository/com/sun/xml/bind/jaxb-impl/4.0.5/angus-activation.jar
2024-11-15T12:15:51.227+05:30  INFO 27140 --- [http] [restartedMain] o.s.b.devtools.restart.ChangeableUrls    : The Class-Path manifest attribute in C:\Users\rudranil.gupta\.m2\repository\com\sun\xml\bind\jaxb-core\4.0.5\jaxb-core-4.0.5.jar referenced one or more files that do not exist: file:/C:/Users/rudranil.gupta/.m2/repository/com/sun/xml/bind/jaxb-core/4.0.5/jakarta.activation-api.jar,file:/C:/Users/rudranil.gupta/.m2/repository/com/sun/xml/bind/jaxb-core/4.0.5/jakarta.xml.bind-api.jar
2024-11-15T12:15:51.229+05:30  INFO 27140 --- [http] [restartedMain] .e.DevToolsPropertyDefaultsPostProcessor : Devtools property defaults active! Set 'spring.devtools.add-properties' to 'false' to disable
2024-11-15T12:15:51.230+05:30  INFO 27140 --- [http] [restartedMain] .e.DevToolsPropertyDefaultsPostProcessor : For additional web related logging consider setting the 'logging.level.web' property to 'DEBUG'
2024-11-15T12:16:06.903+05:30  INFO 27140 --- [http] [restartedMain] o.s.b.w.embedded.tomcat.TomcatWebServer  : Tomcat initialized with port 8080 (http)
2024-11-15T12:16:07.052+05:30  INFO 27140 --- [http] [restartedMain] o.apache.catalina.core.StandardService   : Starting service [Tomcat]
2024-11-15T12:16:07.055+05:30  INFO 27140 --- [http] [restartedMain] o.apache.catalina.core.StandardEngine    : Starting Servlet engine: [Apache Tomcat/10.1.31]
2024-11-15T12:16:07.803+05:30  INFO 27140 --- [http] [restartedMain] o.a.c.c.C.[Tomcat].[localhost].[/]       : Initializing Spring embedded WebApplicationContext
2024-11-15T12:16:07.806+05:30  INFO 27140 --- [http] [restartedMain] w.s.c.ServletWebServerApplicationContext : Root WebApplicationContext: initialization completed in 16571 ms
2024-11-15T12:16:08.915+05:30  INFO 27140 --- [http] [restartedMain] i.m.c.instrument.push.PushMeterRegistry  : Publishing metrics for OtlpMeterRegistry every 1m to http://localhost:4318/v1/metrics with resource attributes {service.name=http}
2024-11-15T12:16:19.838+05:30  INFO 27140 --- [http] [restartedMain] o.s.b.d.a.OptionalLiveReloadServer       : LiveReload server is running on port 35729
2024-11-15T12:16:19.961+05:30  INFO 27140 --- [http] [restartedMain] o.s.b.a.e.web.EndpointLinksResolver      : Exposing 1 endpoint beneath base path '/actuator'
2024-11-15T12:16:20.802+05:30  INFO 27140 --- [http] [restartedMain] o.s.b.w.embedded.tomcat.TomcatWebServer  : Tomcat started on port 8080 (http) with context path '/'
2024-11-15T12:16:20.937+05:30  INFO 27140 --- [http] [restartedMain] com.example.http.HttpApplication         : Started HttpApplication in 34.846 seconds (process running for 40.047)
2024-11-15T12:16:34.432+05:30  WARN 27140 --- [http] [SpringApplicationShutdownHook] i.m.registry.otlp.OtlpMeterRegistry      : Failed to publish metrics to OTLP receiver (context: url=http://localhost:4318/v1/metrics, resource-attributes={service.name=http})

java.net.ConnectException: Connection refused: getsockopt
	at java.base/sun.nio.ch.Net.pollConnect(Native Method) ~[na:na]
	at java.base/sun.nio.ch.Net.pollConnectNow(Net.java:682) ~[na:na]
	at java.base/sun.nio.ch.NioSocketImpl.timedFinishConnect(NioSocketImpl.java:542) ~[na:na]
	at java.base/sun.nio.ch.NioSocketImpl.connect(NioSocketImpl.java:592) ~[na:na]
	at java.base/java.net.Socket.connect(Socket.java:752) ~[na:na]
	at java.base/sun.net.NetworkClient.doConnect(NetworkClient.java:178) ~[na:na]
	at java.base/sun.net.www.http.HttpClient.openServer(HttpClient.java:531) ~[na:na]
	at java.base/sun.net.www.http.HttpClient.openServer(HttpClient.java:636) ~[na:na]
	at java.base/sun.net.www.http.HttpClient.<init>(HttpClient.java:280) ~[na:na]
	at java.base/sun.net.www.http.HttpClient.New(HttpClient.java:386) ~[na:na]
	at java.base/sun.net.www.http.HttpClient.New(HttpClient.java:408) ~[na:na]
	at java.base/sun.net.www.protocol.http.HttpURLConnection.getNewHttpClient(HttpURLConnection.java:1310) ~[na:na]
	at java.base/sun.net.www.protocol.http.HttpURLConnection.plainConnect0(HttpURLConnection.java:1243) ~[na:na]
	at java.base/sun.net.www.protocol.http.HttpURLConnection.plainConnect(HttpURLConnection.java:1129) ~[na:na]
	at java.base/sun.net.www.protocol.http.HttpURLConnection.connect(HttpURLConnection.java:1058) ~[na:na]
	at java.base/sun.net.www.protocol.http.HttpURLConnection.getOutputStream0(HttpURLConnection.java:1460) ~[na:na]
	at java.base/sun.net.www.protocol.http.HttpURLConnection.getOutputStream(HttpURLConnection.java:1423) ~[na:na]
	at io.micrometer.core.ipc.http.HttpUrlConnectionSender.send(HttpUrlConnectionSender.java:98) ~[micrometer-core-1.13.6.jar:1.13.6]
	at io.micrometer.core.ipc.http.HttpSender$Request$Builder.send(HttpSender.java:306) ~[micrometer-core-1.13.6.jar:1.13.6]
	at io.micrometer.registry.otlp.OtlpMeterRegistry.publish(OtlpMeterRegistry.java:172) ~[micrometer-registry-otlp-1.13.6.jar:1.13.6]
	at io.micrometer.core.instrument.push.PushMeterRegistry.publishSafelyOrSkipIfInProgress(PushMeterRegistry.java:64) ~[micrometer-core-1.13.6.jar:1.13.6]
	at io.micrometer.core.instrument.push.PushMeterRegistry.close(PushMeterRegistry.java:144) ~[micrometer-core-1.13.6.jar:1.13.6]
	at io.micrometer.registry.otlp.OtlpMeterRegistry.close(OtlpMeterRegistry.java:287) ~[micrometer-registry-otlp-1.13.6.jar:1.13.6]
	at org.springframework.boot.actuate.autoconfigure.metrics.MetricsAutoConfiguration$MeterRegistryCloser.onApplicationEvent(MetricsAutoConfiguration.java:94) ~[spring-boot-actuator-autoconfigure-3.3.5.jar:3.3.5]
	at org.springframework.boot.actuate.autoconfigure.metrics.MetricsAutoConfiguration$MeterRegistryCloser.onApplicationEvent(MetricsAutoConfiguration.java:82) ~[spring-boot-actuator-autoconfigure-3.3.5.jar:3.3.5]
	at org.springframework.context.event.SimpleApplicationEventMulticaster.doInvokeListener(SimpleApplicationEventMulticaster.java:185) ~[spring-context-6.1.14.jar:6.1.14]
	at org.springframework.context.event.SimpleApplicationEventMulticaster.invokeListener(SimpleApplicationEventMulticaster.java:178) ~[spring-context-6.1.14.jar:6.1.14]
	at org.springframework.context.event.SimpleApplicationEventMulticaster.multicastEvent(SimpleApplicationEventMulticaster.java:156) ~[spring-context-6.1.14.jar:6.1.14]
	at org.springframework.context.support.AbstractApplicationContext.publishEvent(AbstractApplicationContext.java:452) ~[spring-context-6.1.14.jar:6.1.14]
	at org.springframework.context.support.AbstractApplicationContext.publishEvent(AbstractApplicationContext.java:385) ~[spring-context-6.1.14.jar:6.1.14]
	at org.springframework.context.support.AbstractApplicationContext.doClose(AbstractApplicationContext.java:1139) ~[spring-context-6.1.14.jar:6.1.14]
	at org.springframework.boot.web.servlet.context.ServletWebServerApplicationContext.doClose(ServletWebServerApplicationContext.java:174) ~[spring-boot-3.3.5.jar:3.3.5]
	at org.springframework.context.support.AbstractApplicationContext.close(AbstractApplicationContext.java:1102) ~[spring-context-6.1.14.jar:6.1.14]
	at org.springframework.boot.SpringApplicationShutdownHook.closeAndWait(SpringApplicationShutdownHook.java:145) ~[spring-boot-3.3.5.jar:3.3.5]
	at java.base/java.lang.Iterable.forEach(Iterable.java:75) ~[na:na]
	at org.springframework.boot.SpringApplicationShutdownHook.run(SpringApplicationShutdownHook.java:114) ~[spring-boot-3.3.5.jar:3.3.5]
	at java.base/java.lang.Thread.run(Thread.java:1570) ~[na:na]

